<?xml version="1.0" encoding="UTF-8"?>
<testsuite name="AccountTest" tests="7" skipped="0" failures="0" errors="0" timestamp="2025-02-03T04:20:57" hostname="HARRINGTON" time="0.029">
  <properties/>
  <testcase name="cant_withdraw_past_zero()" classname="AccountTest" time="0.011"/>
  <testcase name="checking_account_with_specific_APR()" classname="AccountTest" time="0.001"/>
  <testcase name="withdraw_10_dollars_from_account()" classname="AccountTest" time="0.001"/>
  <testcase name="deposit_20_dollars_to_account()" classname="AccountTest" time="0.001"/>
  <testcase name="checking_account_starts_empty()" classname="AccountTest" time="0.0"/>
  <testcase name="deposit_multiple_times()" classname="AccountTest" time="0.001"/>
  <testcase name="withdraw_multiple_times()" classname="AccountTest" time="0.001"/>
  <system-out><![CDATA[]]></system-out>
  <system-err><![CDATA[]]></system-err>
</testsuite>
